<testsuites id="" name="" tests="1" failures="0" skipped="0" errors="0" time="12.62266">
<testsuite name="html-to-pdf.spec.js" timestamp="2026-02-02T04:17:53.612Z" hostname="chromium" tests="1" failures="0" skipped="0" time="10.787" errors="0">
<testcase name="convert manual book to pdf" classname="html-to-pdf.spec.js" time="10.787">
<system-out>
<![CDATA[📄 Converting MANUAL_BOOK_WITH_IMAGES.html to PDF...
✅ PDF created: MANUAL_BOOK.pdf with all images embedded
]]>
</system-out>
</testcase>
</testsuite>
</testsuites>