<testsuites id="" name="" tests="1" failures="0" skipped="0" errors="0" time="8.559637">
<testsuite name="manual-to-pdf.spec.js" timestamp="2026-02-03T09:11:47.599Z" hostname="chromium" tests="1" failures="0" skipped="0" time="7.253" errors="0">
<testcase name="convert manual aplikasi to pdf" classname="manual-to-pdf.spec.js" time="7.253">
<system-out>
<![CDATA[📄 Reading MANUAL_APLIKASI.md...
✅ HTML created: /home/zenbook/Documents/Data/Kerjaan/Yogi/aplikasi-perpustakaan/laravel/MANUAL_APLIKASI.html
✅ PDF created: /home/zenbook/Documents/Data/Kerjaan/Yogi/aplikasi-perpustakaan/laravel/MANUAL_APLIKASI.pdf
📊 PDF size: 7.82 MB
]]>
</system-out>
</testcase>
</testsuite>
</testsuites>